[0810/110249:WARNING:resource_bundle.cc(304)] locale_file_path.empty()
[0810/110249:ERROR:main_delegate.cc(564)] Could not load locale pak for en-US
[0810/110249:ERROR:main_delegate.cc(571)] Could not load cef.pak
[0810/110249:ERROR:main_delegate.cc(588)] Could not load cef_100_percent.pak
[0810/110249:WARNING:resource_bundle.cc(497)] locale resources are not loaded
[0810/110249:WARNING:resource_bundle.cc(304)] locale_file_path.empty()
[0810/110249:ERROR:main_delegate.cc(564)] Could not load locale pak for en-US
[0810/110249:ERROR:main_delegate.cc(571)] Could not load cef.pak
[0810/110249:ERROR:main_delegate.cc(588)] Could not load cef_100_percent.pak
[0810/110256:WARNING:resource_bundle.cc(304)] locale_file_path.empty()
[0810/110256:ERROR:main_delegate.cc(564)] Could not load locale pak for en-US
[0810/110256:ERROR:main_delegate.cc(571)] Could not load cef.pak
[0810/110256:ERROR:main_delegate.cc(588)] Could not load cef_100_percent.pak
[0810/110256:WARNING:resource_bundle.cc(497)] locale resources are not loaded
[0810/110256:WARNING:resource_bundle.cc(304)] locale_file_path.empty()
[0810/110256:ERROR:main_delegate.cc(564)] Could not load locale pak for en-US
[0810/110256:ERROR:main_delegate.cc(571)] Could not load cef.pak
[0810/110256:ERROR:main_delegate.cc(588)] Could not load cef_100_percent.pak
[0810/110258:WARNING:resource_bundle.cc(304)] locale_file_path.empty()
[0810/110258:ERROR:main_delegate.cc(564)] Could not load locale pak for en-US
[0810/110258:ERROR:main_delegate.cc(571)] Could not load cef.pak
[0810/110258:ERROR:main_delegate.cc(588)] Could not load cef_100_percent.pak
[0810/110258:WARNING:resource_bundle.cc(497)] locale resources are not loaded
[0810/110259:WARNING:resource_bundle.cc(304)] locale_file_path.empty()
[0810/110259:ERROR:main_delegate.cc(564)] Could not load locale pak for en-US
[0810/110259:ERROR:main_delegate.cc(571)] Could not load cef.pak
[0810/110259:ERROR:main_delegate.cc(588)] Could not load cef_100_percent.pak
[0810/110259:WARNING:resource_bundle.cc(304)] locale_file_path.empty()
[0810/110259:ERROR:main_delegate.cc(564)] Could not load locale pak for en-US
[0810/110259:ERROR:main_delegate.cc(571)] Could not load cef.pak
[0810/110259:ERROR:main_delegate.cc(588)] Could not load cef_100_percent.pak
[0810/110259:ERROR:renderer_main.cc(207)] Running without renderer sandbox
[0810/110300:WARNING:resource_bundle.cc(304)] locale_file_path.empty()
[0810/110300:ERROR:main_delegate.cc(564)] Could not load locale pak for en-US
[0810/110300:ERROR:main_delegate.cc(571)] Could not load cef.pak
[0810/110300:ERROR:main_delegate.cc(588)] Could not load cef_100_percent.pak
[0810/110300:ERROR:renderer_main.cc(207)] Running without renderer sandbox
[0810/110305:WARNING:resource_bundle.cc(304)] locale_file_path.empty()
[0810/110305:ERROR:main_delegate.cc(564)] Could not load locale pak for en-US
[0810/110305:ERROR:main_delegate.cc(571)] Could not load cef.pak
[0810/110305:ERROR:main_delegate.cc(588)] Could not load cef_100_percent.pak
[0810/110305:ERROR:renderer_main.cc(207)] Running without renderer sandbox
[0810/111332:WARNING:resource_bundle.cc(304)] locale_file_path.empty()
[0810/111332:ERROR:main_delegate.cc(564)] Could not load locale pak for en-US
[0810/111332:ERROR:main_delegate.cc(571)] Could not load cef.pak
[0810/111332:ERROR:main_delegate.cc(588)] Could not load cef_100_percent.pak
[0810/111332:ERROR:renderer_main.cc(207)] Running without renderer sandbox
[0810/111335:WARNING:resource_bundle.cc(304)] locale_file_path.empty()
[0810/111335:ERROR:main_delegate.cc(564)] Could not load locale pak for en-US
[0810/111335:ERROR:main_delegate.cc(571)] Could not load cef.pak
[0810/111335:ERROR:main_delegate.cc(588)] Could not load cef_100_percent.pak
[0810/111335:WARNING:resource_bundle.cc(497)] locale resources are not loaded
[0810/111335:WARNING:resource_bundle.cc(304)] locale_file_path.empty()
[0810/111335:ERROR:main_delegate.cc(564)] Could not load locale pak for en-US
[0810/111335:ERROR:main_delegate.cc(571)] Could not load cef.pak
[0810/111335:ERROR:main_delegate.cc(588)] Could not load cef_100_percent.pak
[0810/111336:WARNING:resource_bundle.cc(304)] locale_file_path.empty()
[0810/111336:ERROR:main_delegate.cc(564)] Could not load locale pak for en-US
[0810/111336:ERROR:main_delegate.cc(571)] Could not load cef.pak
[0810/111336:ERROR:main_delegate.cc(588)] Could not load cef_100_percent.pak
[0810/111336:WARNING:resource_bundle.cc(497)] locale resources are not loaded
[0810/111337:WARNING:resource_bundle.cc(304)] locale_file_path.empty()
[0810/111337:ERROR:main_delegate.cc(564)] Could not load locale pak for en-US
[0810/111337:ERROR:main_delegate.cc(571)] Could not load cef.pak
[0810/111337:ERROR:main_delegate.cc(588)] Could not load cef_100_percent.pak
[0810/111341:WARNING:resource_bundle.cc(304)] locale_file_path.empty()
[0810/111341:ERROR:main_delegate.cc(564)] Could not load locale pak for en-US
[0810/111341:ERROR:main_delegate.cc(571)] Could not load cef.pak
[0810/111341:ERROR:main_delegate.cc(588)] Could not load cef_100_percent.pak
[0810/111341:WARNING:resource_bundle.cc(497)] locale resources are not loaded
[0810/111341:WARNING:resource_bundle.cc(304)] locale_file_path.empty()
[0810/111341:ERROR:main_delegate.cc(564)] Could not load locale pak for en-US
[0810/111341:ERROR:main_delegate.cc(571)] Could not load cef.pak
[0810/111341:ERROR:main_delegate.cc(588)] Could not load cef_100_percent.pak
[0810/111341:WARNING:resource_bundle.cc(497)] locale resources are not loaded
[0810/111341:WARNING:resource_bundle.cc(304)] locale_file_path.empty()
[0810/111341:ERROR:main_delegate.cc(564)] Could not load locale pak for en-US
[0810/111341:ERROR:main_delegate.cc(571)] Could not load cef.pak
[0810/111341:ERROR:main_delegate.cc(588)] Could not load cef_100_percent.pak
[0810/111342:WARNING:resource_bundle.cc(304)] locale_file_path.empty()
[0810/111342:ERROR:main_delegate.cc(564)] Could not load locale pak for en-US
[0810/111342:ERROR:main_delegate.cc(571)] Could not load cef.pak
[0810/111342:ERROR:main_delegate.cc(588)] Could not load cef_100_percent.pak
[0810/111429:WARNING:resource_bundle.cc(304)] locale_file_path.empty()
[0810/111429:ERROR:main_delegate.cc(564)] Could not load locale pak for en-US
[0810/111429:ERROR:main_delegate.cc(571)] Could not load cef.pak
[0810/111429:ERROR:main_delegate.cc(588)] Could not load cef_100_percent.pak
[0810/111429:WARNING:resource_bundle.cc(497)] locale resources are not loaded
[0810/111430:WARNING:resource_bundle.cc(304)] locale_file_path.empty()
[0810/111430:ERROR:main_delegate.cc(564)] Could not load locale pak for en-US
[0810/111430:ERROR:main_delegate.cc(571)] Could not load cef.pak
[0810/111430:ERROR:main_delegate.cc(588)] Could not load cef_100_percent.pak
[0810/111447:WARNING:resource_bundle.cc(304)] locale_file_path.empty()
[0810/111447:ERROR:main_delegate.cc(564)] Could not load locale pak for en-US
[0810/111447:ERROR:main_delegate.cc(571)] Could not load cef.pak
[0810/111447:ERROR:main_delegate.cc(588)] Could not load cef_100_percent.pak
[0810/111447:ERROR:renderer_main.cc(207)] Running without renderer sandbox
[0810/111514:WARNING:resource_bundle.cc(304)] locale_file_path.empty()
[0810/111514:ERROR:main_delegate.cc(564)] Could not load locale pak for en-US
[0810/111514:ERROR:main_delegate.cc(571)] Could not load cef.pak
[0810/111514:ERROR:main_delegate.cc(588)] Could not load cef_100_percent.pak
[0810/111514:ERROR:renderer_main.cc(207)] Running without renderer sandbox
[0810/112051:WARNING:resource_bundle.cc(304)] locale_file_path.empty()
[0810/112051:ERROR:main_delegate.cc(564)] Could not load locale pak for en-US
[0810/112051:ERROR:main_delegate.cc(571)] Could not load cef.pak
[0810/112051:ERROR:main_delegate.cc(588)] Could not load cef_100_percent.pak
[0810/112051:WARNING:resource_bundle.cc(497)] locale resources are not loaded
[0810/112051:WARNING:resource_bundle.cc(304)] locale_file_path.empty()
[0810/112051:ERROR:main_delegate.cc(564)] Could not load locale pak for en-US
[0810/112051:ERROR:main_delegate.cc(571)] Could not load cef.pak
[0810/112051:ERROR:main_delegate.cc(588)] Could not load cef_100_percent.pak
[0810/112101:WARNING:resource_bundle.cc(304)] locale_file_path.empty()
[0810/112101:ERROR:main_delegate.cc(564)] Could not load locale pak for en-US
[0810/112101:ERROR:main_delegate.cc(571)] Could not load cef.pak
[0810/112101:ERROR:main_delegate.cc(588)] Could not load cef_100_percent.pak
[0810/112101:ERROR:renderer_main.cc(207)] Running without renderer sandbox
